<?xml version="1.0" encoding="UTF-8"?>
<!-- Generated by org.testng.reporters.JUnitReportReporter -->
<testsuite hostname="DESKTOP-5AMIFTG" failures="0" tests="2" name="jpetstore_reg_POM.jpetstore_reg_POM.AppTest" time="12.446" errors="0" timestamp="2024-01-26T11:31:51 EST" skipped="0">
  <testcase classname="jpetstore_reg_POM.jpetstore_reg_POM.AppTest" name="valid_application" time="7.367"/>
  <testcase classname="jpetstore_reg_POM.jpetstore_reg_POM.AppTest" name="invalid_application" time="5.079"/>
</testsuite> <!-- jpetstore_reg_POM.jpetstore_reg_POM.AppTest -->
